Arguments: 
  C:\Program Files\nodejs\node.exe C:\Users\schnk\AppData\Roaming\npm\node_modules\yarn\bin\yarn.js add expo-cli

PATH: 
  C:\Program Files\Git\mingw64\bin;C:\Program Files\Git\usr\bin;C:\Users\schnk\bin;C:\Program Files (x86)\Microsoft SDKs\Azure\CLI2\wbin;C:\Program Files (x86)\gurobi901\win64\bin;C:\Program Files (x86)\win64\bin;C:\Program Files\AdoptOpenJDK\jdk-11.0.4.11-hotspot\bin;C:\Program Files (x86)\Common Files\Oracle\Java\javapath;C:\Program Files (x86)\Intel\iCLS Client;C:\Program Files\Intel\iCLS Client;C:\windows\system32;C:\windows;C:\windows\System32\Wbem;C:\windows\System32\WindowsPowerShell\v1.0;C:\Program Files (x86)\NVIDIA Corporation\PhysX\Common;C:\Program Files (x86)\Intel\Intel(R) Management Engine Components\DAL;C:\Program Files\Intel\Intel(R) Management Engine Components\DAL;C:\Program Files (x86)\Intel\Intel(R) Management Engine Components\IPT;C:\Program Files\Intel\Intel(R) Management Engine Components\IPT;C:\WINDOWS\system32;C:\WINDOWS;C:\WINDOWS\System32\Wbem;C:\WINDOWS\System32\WindowsPowerShell\v1.0;C:\Program Files\Microsoft SQL Server\Client SDK\ODBC\110\Tools\Binn;C:\Program Files (x86)\Microsoft SQL Server\120\Tools\Binn;C:\Program Files\Microsoft SQL Server\120\Tools\Binn;C:\Program Files\Microsoft SQL Server\120\DTS\Binn;C:\Program Files (x86)\Windows Kits\8.1\Windows Performance Toolkit;C:\Go\bin;C:\Program Files (x86)\GtkSharp\2.12\bin;C:\Program Files (x86)\Windows Kits\10\Windows Performance Toolkit;C:\Program Files\dotnet;C:\Users\schnk\python;C:\Program Files\nodejs;%PYTHON_HOME%;%PYTHON_HOME%\Scripts;C:\Users\schnk\Anaconda3;C:\Users\schnk\Anaconda3\Scripts;C:\WINDOWS\System32\OpenSSH;C:\Program Files\Intel\WiFi\bin;C:\Program Files\Common Files\Intel\WirelessCommon;C:\Program Files\nodejs;C:\ProgramData\chocolatey\bin;C:\Program Files\Git\cmd;C:\Window;C:\Windows\System32;C:\Python27;C:\Python27\Scripts";C:\Program Files\Java\jdk-11.0.4\bin;C:\Users\schnk\AppData\Local\Microsoft\WindowsApps;C:\Users\schnk\AppData\Local\Programs\Microsoft VS Code\bin;C:\Users\schnk\AppData\Roaming\npm;C:\MinGW\bin;C:\Python27;C:\Program Files (x86)\terraform_0.12.24_windows_amd64

Yarn version: 
  1.22.0

Node version: 
  10.15.0

Platform: 
  win32 x64

Trace: 
  Error: ENOENT: no such file or directory, open 'C:\Users\schnk\AppData\Local\Yarn\Cache\v6\npm-@expo-traveling-fastlane-linux-1.13.1-23d0bedfc085c455c29f2445e7419ce4fadd76b8-integrity\node_modules\@expo\traveling-fastlane-linux\.yarn-metadata.json'

npm manifest: 
  {
    "main": "node_modules/expo/AppEntry.js",
    "scripts": {
      "start": "expo start",
      "android": "expo start --android",
      "ios": "expo start --ios",
      "web": "expo start --web",
      "eject": "expo eject",
      "test": "jest --verbose --coverage",
      "test_update": "jest --verbose --coverage --updateSnapshot",
      "test_watch": "jest --watchAll",
      "coverage": "jest --verbose --coverage && open ./coverage/lcov-report/index.html"
    },
    "jest": {
      "preset": "jest-expo"
    },
    "dependencies": {
      "@expo/vector-icons": "~10.0.0",
      "@react-native-community/masked-view": "0.1.5",
      "@react-native-community/picker": "^1.3.0",
      "@react-navigation/bottom-tabs": "^5.2.6",
      "@react-navigation/core": "^3.0.0-alpha.13",
      "@react-navigation/native": "^5.1.5",
      "@react-navigation/stack": "^5.2.10",
      "@react-navigation/web": "~1.0.0-alpha.9",
      "expo": "^36.0.2",
      "expo-asset": "~8.0.0",
      "expo-constants": "~8.0.0",
      "expo-font": "~8.0.0",
      "expo-web-browser": "~8.0.0",
      "mobx": "^5.15.4",
      "mobx-react": "^6.2.2",
      "react": "^16.13.1",
      "react-dom": "~16.9.0",
      "react-native": "^0.62.2",
      "react-native-appearance": "~0.3.1",
      "react-native-gesture-handler": "~1.5.0",
      "react-native-safe-area-context": "0.6.0",
      "react-native-screens": "2.0.0-alpha.12",
      "react-native-simple-radio-button": "^2.7.4",
      "react-native-web": "~0.11.7",
      "react-navigation": "^4.3.7"
    },
    "devDependencies": {
      "@babel/core": "^7.0.0",
      "@testing-library/jest-native": "~3.1.0",
      "@testing-library/react-native": "~5.0.2",
      "babel-preset-expo": "~8.0.0",
      "jest-expo": "^37.0.0",
      "react-test-renderer": "~16.13.1"
    },
    "private": true,
    "proxy": "http://127.0.0.1:3001/"
  }

yarn manifest: 
  No manifest

Lockfile: 
  No lockfile
